2024/07/13 01:59:34 [notice] 1#1: using the "epoll" event method
2024/07/13 01:59:34 [notice] 1#1: nginx/1.21.6
2024/07/13 01:59:34 [notice] 1#1: built by gcc 10.2.1 20210110 (Debian 10.2.1-6) 
2024/07/13 01:59:34 [notice] 1#1: OS: Linux 5.15.133.1-microsoft-standard-WSL2
2024/07/13 01:59:34 [notice] 1#1: getrlimit(RLIMIT_NOFILE): 1048576:1048576
2024/07/13 01:59:34 [notice] 1#1: start worker processes
2024/07/13 01:59:34 [notice] 1#1: start worker process 24
2024/07/13 01:59:34 [notice] 1#1: start worker process 25
2024/07/13 01:59:34 [notice] 1#1: start worker process 26
2024/07/13 01:59:34 [notice] 1#1: start worker process 27
2024/07/13 01:59:34 [notice] 1#1: start worker process 28
2024/07/13 01:59:34 [notice] 1#1: start worker process 29
2024/07/13 01:59:34 [notice] 1#1: start worker process 30
2024/07/13 01:59:34 [notice] 1#1: start worker process 31
2024/07/13 01:59:34 [notice] 1#1: start worker process 32
2024/07/13 01:59:34 [notice] 1#1: start worker process 33
2024/07/13 01:59:34 [notice] 1#1: start worker process 34
2024/07/13 01:59:34 [notice] 1#1: start worker process 35
2024/07/13 01:59:34 [notice] 1#1: start worker process 36
2024/07/13 01:59:34 [notice] 1#1: start worker process 37
2024/07/13 01:59:34 [notice] 1#1: start worker process 38
2024/07/13 01:59:34 [notice] 1#1: start worker process 39
2024/07/13 01:59:34 [notice] 1#1: start worker process 40
2024/07/13 01:59:34 [notice] 1#1: start worker process 41
2024/07/13 01:59:34 [notice] 1#1: start worker process 42
2024/07/13 01:59:34 [notice] 1#1: start worker process 43
2024/07/13 02:02:08 [error] 24#24: *1 open() "/usr/share/nginx/html/favicon.ico" failed (2: No such file or directory), client: 172.18.0.1, server: localhost, request: "GET /favicon.ico HTTP/1.1", host: "192.168.15.4:8080", referrer: "http://192.168.15.4:8080/"
2024/07/13 02:02:18 [error] 24#24: *1 open() "/usr/share/nginx/html/hello.html" failed (2: No such file or directory), client: 172.18.0.1, server: localhost, request: "GET /hello.html HTTP/1.1", host: "192.168.15.4:8080"
2024/07/13 02:25:12 [notice] 1#1: signal 3 (SIGQUIT) received, shutting down
2024/07/13 02:25:12 [notice] 24#24: gracefully shutting down
2024/07/13 02:25:12 [notice] 24#24: exiting
2024/07/13 02:25:12 [notice] 26#26: gracefully shutting down
2024/07/13 02:25:12 [notice] 28#28: gracefully shutting down
2024/07/13 02:25:12 [notice] 29#29: gracefully shutting down
2024/07/13 02:25:12 [notice] 28#28: exiting
2024/07/13 02:25:12 [notice] 31#31: gracefully shutting down
2024/07/13 02:25:12 [notice] 32#32: gracefully shutting down
2024/07/13 02:25:12 [notice] 34#34: gracefully shutting down
2024/07/13 02:25:12 [notice] 31#31: exiting
2024/07/13 02:25:12 [notice] 35#35: gracefully shutting down
2024/07/13 02:25:12 [notice] 32#32: exiting
2024/07/13 02:25:12 [notice] 34#34: exiting
2024/07/13 02:25:12 [notice] 36#36: gracefully shutting down
2024/07/13 02:25:12 [notice] 40#40: gracefully shutting down
2024/07/13 02:25:12 [notice] 30#30: gracefully shutting down
2024/07/13 02:25:12 [notice] 34#34: exit
2024/07/13 02:25:12 [notice] 39#39: gracefully shutting down
2024/07/13 02:25:12 [notice] 33#33: gracefully shutting down
2024/07/13 02:25:12 [notice] 30#30: exiting
2024/07/13 02:25:12 [notice] 33#33: exiting
2024/07/13 02:25:12 [notice] 39#39: exiting
2024/07/13 02:25:12 [notice] 38#38: gracefully shutting down
2024/07/13 02:25:12 [notice] 29#29: exiting
2024/07/13 02:25:12 [notice] 33#33: exit
2024/07/13 02:25:12 [notice] 39#39: exit
2024/07/13 02:25:12 [notice] 38#38: exiting
2024/07/13 02:25:12 [notice] 30#30: exit
2024/07/13 02:25:12 [notice] 28#28: exit
2024/07/13 02:25:12 [notice] 29#29: exit
2024/07/13 02:25:12 [notice] 38#38: exit
2024/07/13 02:25:12 [notice] 43#43: gracefully shutting down
2024/07/13 02:25:12 [notice] 42#42: gracefully shutting down
2024/07/13 02:25:12 [notice] 42#42: exiting
2024/07/13 02:25:12 [notice] 42#42: exit
2024/07/13 02:25:12 [notice] 25#25: gracefully shutting down
2024/07/13 02:25:12 [notice] 41#41: gracefully shutting down
2024/07/13 02:25:12 [notice] 41#41: exiting
2024/07/13 02:25:12 [notice] 41#41: exit
2024/07/13 02:25:12 [notice] 24#24: exit
2024/07/13 02:25:12 [notice] 31#31: exit
2024/07/13 02:25:12 [notice] 27#27: gracefully shutting down
2024/07/13 02:25:12 [notice] 37#37: gracefully shutting down
2024/07/13 02:25:12 [notice] 32#32: exit
2024/07/13 02:25:12 [notice] 36#36: exiting
2024/07/13 02:25:12 [notice] 35#35: exiting
2024/07/13 02:25:12 [notice] 26#26: exiting
2024/07/13 02:25:12 [notice] 36#36: exit
2024/07/13 02:25:12 [notice] 37#37: exiting
2024/07/13 02:25:12 [notice] 27#27: exiting
2024/07/13 02:25:12 [notice] 35#35: exit
2024/07/13 02:25:12 [notice] 37#37: exit
2024/07/13 02:25:12 [notice] 40#40: exiting
2024/07/13 02:25:12 [notice] 26#26: exit
2024/07/13 02:25:12 [notice] 27#27: exit
2024/07/13 02:25:12 [notice] 43#43: exiting
2024/07/13 02:25:12 [notice] 25#25: exiting
2024/07/13 02:25:12 [notice] 40#40: exit
2024/07/13 02:25:12 [notice] 43#43: exit
2024/07/13 02:25:12 [notice] 25#25: exit
2024/07/13 02:25:12 [notice] 1#1: signal 17 (SIGCHLD) received from 42
2024/07/13 02:25:12 [notice] 1#1: worker process 24 exited with code 0
2024/07/13 02:25:12 [notice] 1#1: worker process 28 exited with code 0
2024/07/13 02:25:12 [notice] 1#1: worker process 35 exited with code 0
2024/07/13 02:25:12 [notice] 1#1: worker process 31 exited with code 0
2024/07/13 02:25:12 [notice] 1#1: worker process 37 exited with code 0
2024/07/13 02:25:12 [notice] 1#1: worker process 42 exited with code 0
2024/07/13 02:25:12 [notice] 1#1: signal 29 (SIGIO) received
2024/07/13 02:25:12 [notice] 1#1: signal 17 (SIGCHLD) received from 37
2024/07/13 02:25:12 [notice] 1#1: signal 17 (SIGCHLD) received from 33
2024/07/13 02:25:12 [notice] 1#1: worker process 26 exited with code 0
2024/07/13 02:25:12 [notice] 1#1: worker process 33 exited with code 0
2024/07/13 02:25:12 [notice] 1#1: worker process 34 exited with code 0
2024/07/13 02:25:12 [notice] 1#1: worker process 36 exited with code 0
2024/07/13 02:25:12 [notice] 1#1: worker process 39 exited with code 0
2024/07/13 02:25:12 [notice] 1#1: signal 29 (SIGIO) received
2024/07/13 02:25:12 [notice] 1#1: signal 17 (SIGCHLD) received from 25
2024/07/13 02:25:12 [notice] 1#1: worker process 25 exited with code 0
2024/07/13 02:25:12 [notice] 1#1: worker process 32 exited with code 0
2024/07/13 02:25:12 [notice] 1#1: signal 29 (SIGIO) received
2024/07/13 02:25:12 [notice] 1#1: signal 17 (SIGCHLD) received from 32
2024/07/13 02:25:12 [notice] 1#1: signal 17 (SIGCHLD) received from 43
2024/07/13 02:25:12 [notice] 1#1: worker process 29 exited with code 0
2024/07/13 02:25:12 [notice] 1#1: worker process 30 exited with code 0
2024/07/13 02:25:12 [notice] 1#1: worker process 43 exited with code 0
2024/07/13 02:25:12 [notice] 1#1: signal 29 (SIGIO) received
2024/07/13 02:25:12 [notice] 1#1: signal 17 (SIGCHLD) received from 40
2024/07/13 02:25:12 [notice] 1#1: worker process 40 exited with code 0
2024/07/13 02:25:12 [notice] 1#1: worker process 41 exited with code 0
2024/07/13 02:25:12 [notice] 1#1: signal 29 (SIGIO) received
2024/07/13 02:25:12 [notice] 1#1: signal 17 (SIGCHLD) received from 38
2024/07/13 02:25:12 [notice] 1#1: worker process 38 exited with code 0
2024/07/13 02:25:12 [notice] 1#1: signal 29 (SIGIO) received
2024/07/13 02:25:12 [notice] 1#1: signal 17 (SIGCHLD) received from 27
2024/07/13 02:25:12 [notice] 1#1: worker process 27 exited with code 0
2024/07/13 02:25:12 [notice] 1#1: exit
2024/07/13 02:25:13 [notice] 1#1: using the "epoll" event method
2024/07/13 02:25:13 [notice] 1#1: nginx/1.21.6
2024/07/13 02:25:13 [notice] 1#1: built by gcc 10.2.1 20210110 (Debian 10.2.1-6) 
2024/07/13 02:25:13 [notice] 1#1: OS: Linux 5.15.133.1-microsoft-standard-WSL2
2024/07/13 02:25:13 [notice] 1#1: getrlimit(RLIMIT_NOFILE): 1048576:1048576
2024/07/13 02:25:13 [notice] 1#1: start worker processes
2024/07/13 02:25:13 [notice] 1#1: start worker process 24
2024/07/13 02:25:13 [notice] 1#1: start worker process 25
2024/07/13 02:25:13 [notice] 1#1: start worker process 26
2024/07/13 02:25:13 [notice] 1#1: start worker process 27
2024/07/13 02:25:13 [notice] 1#1: start worker process 28
2024/07/13 02:25:13 [notice] 1#1: start worker process 29
2024/07/13 02:25:13 [notice] 1#1: start worker process 30
2024/07/13 02:25:13 [notice] 1#1: start worker process 31
2024/07/13 02:25:13 [notice] 1#1: start worker process 32
2024/07/13 02:25:13 [notice] 1#1: start worker process 33
2024/07/13 02:25:13 [notice] 1#1: start worker process 34
2024/07/13 02:25:13 [notice] 1#1: start worker process 35
2024/07/13 02:25:13 [notice] 1#1: start worker process 36
2024/07/13 02:25:13 [notice] 1#1: start worker process 37
2024/07/13 02:25:13 [notice] 1#1: start worker process 38
2024/07/13 02:25:13 [notice] 1#1: start worker process 39
2024/07/13 02:25:13 [notice] 1#1: start worker process 40
2024/07/13 02:25:13 [notice] 1#1: start worker process 41
2024/07/13 02:25:13 [notice] 1#1: start worker process 42
2024/07/13 02:25:13 [notice] 1#1: start worker process 43
2024/07/13 02:26:44 [notice] 1#1: signal 3 (SIGQUIT) received, shutting down
2024/07/13 02:26:44 [notice] 24#24: gracefully shutting down
2024/07/13 02:26:44 [notice] 25#25: gracefully shutting down
2024/07/13 02:26:44 [notice] 27#27: gracefully shutting down
2024/07/13 02:26:44 [notice] 26#26: gracefully shutting down
2024/07/13 02:26:44 [notice] 28#28: gracefully shutting down
2024/07/13 02:26:44 [notice] 29#29: gracefully shutting down
2024/07/13 02:26:44 [notice] 25#25: exiting
2024/07/13 02:26:44 [notice] 27#27: exiting
2024/07/13 02:26:44 [notice] 26#26: exiting
2024/07/13 02:26:44 [notice] 28#28: exiting
2024/07/13 02:26:44 [notice] 30#30: gracefully shutting down
2024/07/13 02:26:44 [notice] 29#29: exiting
2024/07/13 02:26:44 [notice] 31#31: gracefully shutting down
2024/07/13 02:26:44 [notice] 33#33: gracefully shutting down
2024/07/13 02:26:44 [notice] 30#30: exiting
2024/07/13 02:26:44 [notice] 31#31: exiting
2024/07/13 02:26:44 [notice] 28#28: exit
2024/07/13 02:26:44 [notice] 27#27: exit
2024/07/13 02:26:44 [notice] 33#33: exiting
2024/07/13 02:26:44 [notice] 26#26: exit
2024/07/13 02:26:44 [notice] 29#29: exit
2024/07/13 02:26:44 [notice] 25#25: exit
2024/07/13 02:26:44 [notice] 24#24: exiting
2024/07/13 02:26:44 [notice] 31#31: exit
2024/07/13 02:26:44 [notice] 30#30: exit
2024/07/13 02:26:44 [notice] 33#33: exit
2024/07/13 02:26:44 [notice] 41#41: gracefully shutting down
2024/07/13 02:26:44 [notice] 41#41: exiting
2024/07/13 02:26:44 [notice] 24#24: exit
2024/07/13 02:26:44 [notice] 41#41: exit
2024/07/13 02:26:44 [notice] 43#43: gracefully shutting down
2024/07/13 02:26:44 [notice] 36#36: gracefully shutting down
2024/07/13 02:26:44 [notice] 43#43: exiting
2024/07/13 02:26:44 [notice] 36#36: exiting
2024/07/13 02:26:44 [notice] 40#40: gracefully shutting down
2024/07/13 02:26:44 [notice] 40#40: exiting
2024/07/13 02:26:44 [notice] 43#43: exit
2024/07/13 02:26:44 [notice] 37#37: gracefully shutting down
2024/07/13 02:26:44 [notice] 36#36: exit
2024/07/13 02:26:44 [notice] 37#37: exiting
2024/07/13 02:26:44 [notice] 40#40: exit
2024/07/13 02:26:44 [notice] 35#35: gracefully shutting down
2024/07/13 02:26:44 [notice] 34#34: gracefully shutting down
2024/07/13 02:26:44 [notice] 32#32: gracefully shutting down
2024/07/13 02:26:44 [notice] 37#37: exit
2024/07/13 02:26:44 [notice] 35#35: exiting
2024/07/13 02:26:44 [notice] 34#34: exiting
2024/07/13 02:26:44 [notice] 32#32: exiting
2024/07/13 02:26:44 [notice] 39#39: gracefully shutting down
2024/07/13 02:26:44 [notice] 35#35: exit
2024/07/13 02:26:44 [notice] 32#32: exit
2024/07/13 02:26:44 [notice] 34#34: exit
2024/07/13 02:26:44 [notice] 38#38: gracefully shutting down
2024/07/13 02:26:44 [notice] 39#39: exiting
2024/07/13 02:26:44 [notice] 38#38: exiting
2024/07/13 02:26:44 [notice] 39#39: exit
2024/07/13 02:26:44 [notice] 38#38: exit
2024/07/13 02:26:44 [notice] 42#42: gracefully shutting down
2024/07/13 02:26:44 [notice] 42#42: exiting
2024/07/13 02:26:44 [notice] 42#42: exit
2024/07/13 02:26:44 [notice] 1#1: signal 17 (SIGCHLD) received from 29
2024/07/13 02:26:44 [notice] 1#1: worker process 29 exited with code 0
2024/07/13 02:26:44 [notice] 1#1: worker process 31 exited with code 0
2024/07/13 02:26:44 [notice] 1#1: signal 29 (SIGIO) received
2024/07/13 02:26:44 [notice] 1#1: signal 17 (SIGCHLD) received from 24
2024/07/13 02:26:44 [notice] 1#1: worker process 24 exited with code 0
2024/07/13 02:26:44 [notice] 1#1: worker process 26 exited with code 0
2024/07/13 02:26:44 [notice] 1#1: worker process 27 exited with code 0
2024/07/13 02:26:44 [notice] 1#1: worker process 33 exited with code 0
2024/07/13 02:26:44 [notice] 1#1: worker process 34 exited with code 0
2024/07/13 02:26:44 [notice] 1#1: worker process 35 exited with code 0
2024/07/13 02:26:44 [notice] 1#1: worker process 36 exited with code 0
2024/07/13 02:26:44 [notice] 1#1: worker process 38 exited with code 0
2024/07/13 02:26:44 [notice] 1#1: worker process 39 exited with code 0
2024/07/13 02:26:44 [notice] 1#1: worker process 41 exited with code 0
2024/07/13 02:26:44 [notice] 1#1: worker process 43 exited with code 0
2024/07/13 02:26:44 [notice] 1#1: signal 29 (SIGIO) received
2024/07/13 02:26:44 [notice] 1#1: signal 17 (SIGCHLD) received from 41
2024/07/13 02:26:44 [notice] 1#1: worker process 32 exited with code 0
2024/07/13 02:26:44 [notice] 1#1: worker process 42 exited with code 0
2024/07/13 02:26:44 [notice] 1#1: signal 29 (SIGIO) received
2024/07/13 02:26:44 [notice] 1#1: signal 17 (SIGCHLD) received from 25
2024/07/13 02:26:44 [notice] 1#1: worker process 25 exited with code 0
2024/07/13 02:26:44 [notice] 1#1: worker process 28 exited with code 0
2024/07/13 02:26:44 [notice] 1#1: worker process 30 exited with code 0
2024/07/13 02:26:44 [notice] 1#1: worker process 37 exited with code 0
2024/07/13 02:26:44 [notice] 1#1: worker process 40 exited with code 0
2024/07/13 02:26:44 [notice] 1#1: exit
2024/07/13 02:26:44 [notice] 1#1: using the "epoll" event method
2024/07/13 02:26:44 [notice] 1#1: nginx/1.21.6
2024/07/13 02:26:44 [notice] 1#1: built by gcc 10.2.1 20210110 (Debian 10.2.1-6) 
2024/07/13 02:26:44 [notice] 1#1: OS: Linux 5.15.133.1-microsoft-standard-WSL2
2024/07/13 02:26:44 [notice] 1#1: getrlimit(RLIMIT_NOFILE): 1048576:1048576
2024/07/13 02:26:44 [notice] 1#1: start worker processes
2024/07/13 02:26:44 [notice] 1#1: start worker process 24
2024/07/13 02:26:44 [notice] 1#1: start worker process 25
2024/07/13 02:26:44 [notice] 1#1: start worker process 26
2024/07/13 02:26:44 [notice] 1#1: start worker process 27
2024/07/13 02:26:44 [notice] 1#1: start worker process 28
2024/07/13 02:26:44 [notice] 1#1: start worker process 29
2024/07/13 02:26:44 [notice] 1#1: start worker process 30
2024/07/13 02:26:44 [notice] 1#1: start worker process 31
2024/07/13 02:26:44 [notice] 1#1: start worker process 32
2024/07/13 02:26:44 [notice] 1#1: start worker process 33
2024/07/13 02:26:44 [notice] 1#1: start worker process 34
2024/07/13 02:26:44 [notice] 1#1: start worker process 35
2024/07/13 02:26:44 [notice] 1#1: start worker process 36
2024/07/13 02:26:44 [notice] 1#1: start worker process 37
2024/07/13 02:26:44 [notice] 1#1: start worker process 38
2024/07/13 02:26:44 [notice] 1#1: start worker process 39
2024/07/13 02:26:44 [notice] 1#1: start worker process 40
2024/07/13 02:26:44 [notice] 1#1: start worker process 41
2024/07/13 02:26:44 [notice] 1#1: start worker process 42
2024/07/13 02:26:44 [notice] 1#1: start worker process 43
2024/07/13 02:28:44 [notice] 1#1: signal 3 (SIGQUIT) received, shutting down
2024/07/13 02:28:44 [notice] 24#24: gracefully shutting down
2024/07/13 02:28:44 [notice] 24#24: exiting
2024/07/13 02:28:44 [notice] 26#26: gracefully shutting down
2024/07/13 02:28:44 [notice] 27#27: gracefully shutting down
2024/07/13 02:28:44 [notice] 25#25: gracefully shutting down
2024/07/13 02:28:44 [notice] 26#26: exiting
2024/07/13 02:28:44 [notice] 27#27: exiting
2024/07/13 02:28:44 [notice] 28#28: gracefully shutting down
2024/07/13 02:28:44 [notice] 25#25: exiting
2024/07/13 02:28:44 [notice] 24#24: exit
2024/07/13 02:28:44 [notice] 30#30: gracefully shutting down
2024/07/13 02:28:44 [notice] 26#26: exit
2024/07/13 02:28:44 [notice] 27#27: exit
2024/07/13 02:28:44 [notice] 28#28: exiting
2024/07/13 02:28:44 [notice] 30#30: exiting
2024/07/13 02:28:44 [notice] 25#25: exit
2024/07/13 02:28:44 [notice] 33#33: gracefully shutting down
2024/07/13 02:28:44 [notice] 32#32: gracefully shutting down
2024/07/13 02:28:44 [notice] 28#28: exit
2024/07/13 02:28:44 [notice] 30#30: exit
2024/07/13 02:28:44 [notice] 33#33: exiting
2024/07/13 02:28:44 [notice] 36#36: gracefully shutting down
2024/07/13 02:28:44 [notice] 32#32: exiting
2024/07/13 02:28:44 [notice] 36#36: exiting
2024/07/13 02:28:44 [notice] 33#33: exit
2024/07/13 02:28:44 [notice] 31#31: gracefully shutting down
2024/07/13 02:28:44 [notice] 32#32: exit
2024/07/13 02:28:44 [notice] 31#31: exiting
2024/07/13 02:28:44 [notice] 36#36: exit
2024/07/13 02:28:44 [notice] 29#29: gracefully shutting down
2024/07/13 02:28:44 [notice] 31#31: exit
2024/07/13 02:28:44 [notice] 29#29: exiting
2024/07/13 02:28:44 [notice] 37#37: gracefully shutting down
2024/07/13 02:28:44 [notice] 37#37: exiting
2024/07/13 02:28:44 [notice] 29#29: exit
2024/07/13 02:28:44 [notice] 41#41: gracefully shutting down
2024/07/13 02:28:44 [notice] 34#34: gracefully shutting down
2024/07/13 02:28:44 [notice] 37#37: exit
2024/07/13 02:28:44 [notice] 41#41: exiting
2024/07/13 02:28:44 [notice] 35#35: gracefully shutting down
2024/07/13 02:28:44 [notice] 42#42: gracefully shutting down
2024/07/13 02:28:44 [notice] 34#34: exiting
2024/07/13 02:28:44 [notice] 35#35: exiting
2024/07/13 02:28:44 [notice] 42#42: exiting
2024/07/13 02:28:44 [notice] 41#41: exit
2024/07/13 02:28:44 [notice] 34#34: exit
2024/07/13 02:28:44 [notice] 42#42: exit
2024/07/13 02:28:44 [notice] 35#35: exit
2024/07/13 02:28:44 [notice] 43#43: gracefully shutting down
2024/07/13 02:28:44 [notice] 38#38: gracefully shutting down
2024/07/13 02:28:44 [notice] 39#39: gracefully shutting down
2024/07/13 02:28:44 [notice] 40#40: gracefully shutting down
2024/07/13 02:28:44 [notice] 38#38: exiting
2024/07/13 02:28:44 [notice] 43#43: exiting
2024/07/13 02:28:44 [notice] 39#39: exiting
2024/07/13 02:28:44 [notice] 40#40: exiting
2024/07/13 02:28:44 [notice] 38#38: exit
2024/07/13 02:28:44 [notice] 43#43: exit
2024/07/13 02:28:44 [notice] 39#39: exit
2024/07/13 02:28:44 [notice] 40#40: exit
2024/07/13 02:28:44 [notice] 1#1: signal 17 (SIGCHLD) received from 42
2024/07/13 02:28:44 [notice] 1#1: worker process 30 exited with code 0
2024/07/13 02:28:44 [notice] 1#1: worker process 42 exited with code 0
2024/07/13 02:28:44 [notice] 1#1: signal 29 (SIGIO) received
2024/07/13 02:28:44 [notice] 1#1: signal 17 (SIGCHLD) received from 36
2024/07/13 02:28:44 [notice] 1#1: worker process 26 exited with code 0
2024/07/13 02:28:44 [notice] 1#1: worker process 28 exited with code 0
2024/07/13 02:28:44 [notice] 1#1: worker process 31 exited with code 0
2024/07/13 02:28:44 [notice] 1#1: worker process 32 exited with code 0
2024/07/13 02:28:44 [notice] 1#1: worker process 33 exited with code 0
2024/07/13 02:28:44 [notice] 1#1: worker process 34 exited with code 0
2024/07/13 02:28:44 [notice] 1#1: worker process 36 exited with code 0
2024/07/13 02:28:44 [notice] 1#1: worker process 38 exited with code 0
2024/07/13 02:28:44 [notice] 1#1: signal 29 (SIGIO) received
2024/07/13 02:28:44 [notice] 1#1: signal 17 (SIGCHLD) received from 31
2024/07/13 02:28:44 [notice] 1#1: worker process 24 exited with code 0
2024/07/13 02:28:44 [notice] 1#1: worker process 37 exited with code 0
2024/07/13 02:28:44 [notice] 1#1: signal 29 (SIGIO) received
2024/07/13 02:28:44 [notice] 1#1: signal 17 (SIGCHLD) received from 35
2024/07/13 02:28:44 [notice] 1#1: worker process 25 exited with code 0
2024/07/13 02:28:44 [notice] 1#1: worker process 35 exited with code 0
2024/07/13 02:28:44 [notice] 1#1: worker process 41 exited with code 0
2024/07/13 02:28:44 [notice] 1#1: signal 29 (SIGIO) received
2024/07/13 02:28:44 [notice] 1#1: signal 17 (SIGCHLD) received from 27
2024/07/13 02:28:44 [notice] 1#1: worker process 27 exited with code 0
2024/07/13 02:28:44 [notice] 1#1: worker process 43 exited with code 0
2024/07/13 02:28:44 [notice] 1#1: signal 29 (SIGIO) received
2024/07/13 02:28:44 [notice] 1#1: signal 17 (SIGCHLD) received from 39
2024/07/13 02:28:44 [notice] 1#1: worker process 39 exited with code 0
2024/07/13 02:28:44 [notice] 1#1: signal 29 (SIGIO) received
2024/07/13 02:28:44 [notice] 1#1: signal 17 (SIGCHLD) received from 40
2024/07/13 02:28:44 [notice] 1#1: worker process 29 exited with code 0
2024/07/13 02:28:44 [notice] 1#1: worker process 40 exited with code 0
2024/07/13 02:28:44 [notice] 1#1: exit
2024/07/13 02:28:44 [notice] 1#1: using the "epoll" event method
2024/07/13 02:28:44 [notice] 1#1: nginx/1.21.6
2024/07/13 02:28:44 [notice] 1#1: built by gcc 10.2.1 20210110 (Debian 10.2.1-6) 
2024/07/13 02:28:44 [notice] 1#1: OS: Linux 5.15.133.1-microsoft-standard-WSL2
2024/07/13 02:28:44 [notice] 1#1: getrlimit(RLIMIT_NOFILE): 1048576:1048576
2024/07/13 02:28:44 [notice] 1#1: start worker processes
2024/07/13 02:28:44 [notice] 1#1: start worker process 24
2024/07/13 02:28:44 [notice] 1#1: start worker process 25
2024/07/13 02:28:44 [notice] 1#1: start worker process 26
2024/07/13 02:28:44 [notice] 1#1: start worker process 27
2024/07/13 02:28:44 [notice] 1#1: start worker process 28
2024/07/13 02:28:44 [notice] 1#1: start worker process 29
2024/07/13 02:28:44 [notice] 1#1: start worker process 30
2024/07/13 02:28:44 [notice] 1#1: start worker process 31
2024/07/13 02:28:44 [notice] 1#1: start worker process 32
2024/07/13 02:28:44 [notice] 1#1: start worker process 33
2024/07/13 02:28:44 [notice] 1#1: start worker process 34
2024/07/13 02:28:44 [notice] 1#1: start worker process 35
2024/07/13 02:28:44 [notice] 1#1: start worker process 36
2024/07/13 02:28:44 [notice] 1#1: start worker process 37
2024/07/13 02:28:44 [notice] 1#1: start worker process 38
2024/07/13 02:28:44 [notice] 1#1: start worker process 39
2024/07/13 02:28:44 [notice] 1#1: start worker process 40
2024/07/13 02:28:44 [notice] 1#1: start worker process 41
2024/07/13 02:28:44 [notice] 1#1: start worker process 42
2024/07/13 02:28:44 [notice] 1#1: start worker process 43
2024/07/13 02:43:14 [notice] 1#1: signal 3 (SIGQUIT) received, shutting down
2024/07/13 02:43:14 [notice] 24#24: gracefully shutting down
2024/07/13 02:43:14 [notice] 25#25: gracefully shutting down
2024/07/13 02:43:14 [notice] 26#26: gracefully shutting down
2024/07/13 02:43:14 [notice] 27#27: gracefully shutting down
2024/07/13 02:43:14 [notice] 28#28: gracefully shutting down
2024/07/13 02:43:14 [notice] 24#24: exiting
2024/07/13 02:43:14 [notice] 25#25: exiting
2024/07/13 02:43:14 [notice] 26#26: exiting
2024/07/13 02:43:14 [notice] 29#29: gracefully shutting down
2024/07/13 02:43:14 [notice] 27#27: exiting
2024/07/13 02:43:14 [notice] 28#28: exiting
2024/07/13 02:43:14 [notice] 29#29: exiting
2024/07/13 02:43:14 [notice] 26#26: exit
2024/07/13 02:43:14 [notice] 27#27: exit
2024/07/13 02:43:14 [notice] 25#25: exit
2024/07/13 02:43:14 [notice] 24#24: exit
2024/07/13 02:43:14 [notice] 30#30: gracefully shutting down
2024/07/13 02:43:14 [notice] 28#28: exit
2024/07/13 02:43:14 [notice] 29#29: exit
2024/07/13 02:43:14 [notice] 31#31: gracefully shutting down
2024/07/13 02:43:14 [notice] 30#30: exiting
2024/07/13 02:43:14 [notice] 31#31: exiting
2024/07/13 02:43:14 [notice] 30#30: exit
2024/07/13 02:43:14 [notice] 31#31: exit
2024/07/13 02:43:14 [notice] 36#36: gracefully shutting down
2024/07/13 02:43:14 [notice] 36#36: exiting
2024/07/13 02:43:14 [notice] 36#36: exit
2024/07/13 02:43:14 [notice] 42#42: gracefully shutting down
2024/07/13 02:43:14 [notice] 42#42: exiting
2024/07/13 02:43:14 [notice] 42#42: exit
2024/07/13 02:43:14 [notice] 43#43: gracefully shutting down
2024/07/13 02:43:14 [notice] 39#39: gracefully shutting down
2024/07/13 02:43:14 [notice] 32#32: gracefully shutting down
2024/07/13 02:43:14 [notice] 33#33: gracefully shutting down
2024/07/13 02:43:14 [notice] 43#43: exiting
2024/07/13 02:43:14 [notice] 39#39: exiting
2024/07/13 02:43:14 [notice] 32#32: exiting
2024/07/13 02:43:14 [notice] 33#33: exiting
2024/07/13 02:43:14 [notice] 34#34: gracefully shutting down
2024/07/13 02:43:14 [notice] 39#39: exit
2024/07/13 02:43:14 [notice] 38#38: gracefully shutting down
2024/07/13 02:43:14 [notice] 32#32: exit
2024/07/13 02:43:14 [notice] 43#43: exit
2024/07/13 02:43:14 [notice] 34#34: exiting
2024/07/13 02:43:14 [notice] 33#33: exit
2024/07/13 02:43:14 [notice] 38#38: exiting
2024/07/13 02:43:14 [notice] 41#41: gracefully shutting down
2024/07/13 02:43:14 [notice] 34#34: exit
2024/07/13 02:43:14 [notice] 38#38: exit
2024/07/13 02:43:14 [notice] 41#41: exiting
2024/07/13 02:43:14 [notice] 41#41: exit
2024/07/13 02:43:14 [notice] 35#35: gracefully shutting down
2024/07/13 02:43:14 [notice] 35#35: exiting
2024/07/13 02:43:14 [notice] 37#37: gracefully shutting down
2024/07/13 02:43:14 [notice] 35#35: exit
2024/07/13 02:43:14 [notice] 40#40: gracefully shutting down
2024/07/13 02:43:14 [notice] 37#37: exiting
2024/07/13 02:43:14 [notice] 40#40: exiting
2024/07/13 02:43:14 [notice] 37#37: exit
2024/07/13 02:43:14 [notice] 40#40: exit
2024/07/13 02:43:14 [notice] 1#1: signal 17 (SIGCHLD) received from 26
2024/07/13 02:43:14 [notice] 1#1: worker process 25 exited with code 0
2024/07/13 02:43:14 [notice] 1#1: worker process 26 exited with code 0
2024/07/13 02:43:14 [notice] 1#1: worker process 34 exited with code 0
2024/07/13 02:43:14 [notice] 1#1: worker process 41 exited with code 0
2024/07/13 02:43:14 [notice] 1#1: signal 29 (SIGIO) received
2024/07/13 02:43:14 [notice] 1#1: signal 17 (SIGCHLD) received from 40
2024/07/13 02:43:14 [notice] 1#1: worker process 24 exited with code 0
2024/07/13 02:43:14 [notice] 1#1: worker process 27 exited with code 0
2024/07/13 02:43:14 [notice] 1#1: worker process 31 exited with code 0
2024/07/13 02:43:14 [notice] 1#1: worker process 32 exited with code 0
2024/07/13 02:43:14 [notice] 1#1: worker process 36 exited with code 0
2024/07/13 02:43:14 [notice] 1#1: worker process 40 exited with code 0
2024/07/13 02:43:14 [notice] 1#1: worker process 42 exited with code 0
2024/07/13 02:43:14 [notice] 1#1: signal 29 (SIGIO) received
2024/07/13 02:43:14 [notice] 1#1: signal 17 (SIGCHLD) received from 28
2024/07/13 02:43:14 [notice] 1#1: worker process 28 exited with code 0
2024/07/13 02:43:14 [notice] 1#1: worker process 35 exited with code 0
2024/07/13 02:43:14 [notice] 1#1: signal 29 (SIGIO) received
2024/07/13 02:43:14 [notice] 1#1: signal 17 (SIGCHLD) received from 30
2024/07/13 02:43:14 [notice] 1#1: worker process 30 exited with code 0
2024/07/13 02:43:14 [notice] 1#1: worker process 43 exited with code 0
2024/07/13 02:43:14 [notice] 1#1: signal 29 (SIGIO) received
2024/07/13 02:43:14 [notice] 1#1: signal 17 (SIGCHLD) received from 43
2024/07/13 02:43:14 [notice] 1#1: signal 17 (SIGCHLD) received from 29
2024/07/13 02:43:14 [notice] 1#1: worker process 29 exited with code 0
2024/07/13 02:43:14 [notice] 1#1: signal 29 (SIGIO) received
2024/07/13 02:43:14 [notice] 1#1: signal 17 (SIGCHLD) received from 38
2024/07/13 02:43:14 [notice] 1#1: worker process 33 exited with code 0
2024/07/13 02:43:14 [notice] 1#1: worker process 37 exited with code 0
2024/07/13 02:43:14 [notice] 1#1: worker process 38 exited with code 0
2024/07/13 02:43:14 [notice] 1#1: worker process 39 exited with code 0
2024/07/13 02:43:14 [notice] 1#1: exit
2024/07/13 02:43:15 [notice] 1#1: using the "epoll" event method
2024/07/13 02:43:15 [notice] 1#1: nginx/1.21.6
2024/07/13 02:43:15 [notice] 1#1: built by gcc 10.2.1 20210110 (Debian 10.2.1-6) 
2024/07/13 02:43:15 [notice] 1#1: OS: Linux 5.15.133.1-microsoft-standard-WSL2
2024/07/13 02:43:15 [notice] 1#1: getrlimit(RLIMIT_NOFILE): 1048576:1048576
2024/07/13 02:43:15 [notice] 1#1: start worker processes
2024/07/13 02:43:15 [notice] 1#1: start worker process 24
2024/07/13 02:43:15 [notice] 1#1: start worker process 25
2024/07/13 02:43:15 [notice] 1#1: start worker process 26
2024/07/13 02:43:15 [notice] 1#1: start worker process 27
2024/07/13 02:43:15 [notice] 1#1: start worker process 28
2024/07/13 02:43:15 [notice] 1#1: start worker process 29
2024/07/13 02:43:15 [notice] 1#1: start worker process 30
2024/07/13 02:43:15 [notice] 1#1: start worker process 31
2024/07/13 02:43:15 [notice] 1#1: start worker process 32
2024/07/13 02:43:15 [notice] 1#1: start worker process 33
2024/07/13 02:43:15 [notice] 1#1: start worker process 34
2024/07/13 02:43:15 [notice] 1#1: start worker process 35
2024/07/13 02:43:15 [notice] 1#1: start worker process 36
2024/07/13 02:43:15 [notice] 1#1: start worker process 37
2024/07/13 02:43:15 [notice] 1#1: start worker process 38
2024/07/13 02:43:15 [notice] 1#1: start worker process 39
2024/07/13 02:43:15 [notice] 1#1: start worker process 40
2024/07/13 02:43:15 [notice] 1#1: start worker process 41
2024/07/13 02:43:15 [notice] 1#1: start worker process 42
2024/07/13 02:43:15 [notice] 1#1: start worker process 43
2024/07/13 02:45:38 [notice] 1#1: signal 3 (SIGQUIT) received, shutting down
2024/07/13 02:45:38 [notice] 25#25: gracefully shutting down
2024/07/13 02:45:38 [notice] 24#24: gracefully shutting down
2024/07/13 02:45:38 [notice] 27#27: gracefully shutting down
2024/07/13 02:45:38 [notice] 26#26: gracefully shutting down
2024/07/13 02:45:38 [notice] 28#28: gracefully shutting down
2024/07/13 02:45:38 [notice] 25#25: exiting
2024/07/13 02:45:38 [notice] 24#24: exiting
2024/07/13 02:45:38 [notice] 27#27: exiting
2024/07/13 02:45:38 [notice] 26#26: exiting
2024/07/13 02:45:38 [notice] 28#28: exiting
2024/07/13 02:45:38 [notice] 24#24: exit
2024/07/13 02:45:38 [notice] 27#27: exit
2024/07/13 02:45:38 [notice] 25#25: exit
2024/07/13 02:45:38 [notice] 28#28: exit
2024/07/13 02:45:38 [notice] 26#26: exit
2024/07/13 02:45:38 [notice] 39#39: gracefully shutting down
2024/07/13 02:45:38 [notice] 41#41: gracefully shutting down
2024/07/13 02:45:38 [notice] 37#37: gracefully shutting down
2024/07/13 02:45:38 [notice] 39#39: exiting
2024/07/13 02:45:38 [notice] 41#41: exiting
2024/07/13 02:45:38 [notice] 37#37: exiting
2024/07/13 02:45:38 [notice] 39#39: exit
2024/07/13 02:45:38 [notice] 41#41: exit
2024/07/13 02:45:38 [notice] 37#37: exit
2024/07/13 02:45:38 [notice] 42#42: gracefully shutting down
2024/07/13 02:45:38 [notice] 42#42: exiting
2024/07/13 02:45:38 [notice] 42#42: exit
2024/07/13 02:45:38 [notice] 31#31: gracefully shutting down
2024/07/13 02:45:38 [notice] 31#31: exiting
2024/07/13 02:45:38 [notice] 40#40: gracefully shutting down
2024/07/13 02:45:38 [notice] 40#40: exiting
2024/07/13 02:45:38 [notice] 32#32: gracefully shutting down
2024/07/13 02:45:38 [notice] 30#30: gracefully shutting down
2024/07/13 02:45:38 [notice] 29#29: gracefully shutting down
2024/07/13 02:45:38 [notice] 35#35: gracefully shutting down
2024/07/13 02:45:38 [notice] 31#31: exit
2024/07/13 02:45:38 [notice] 40#40: exit
2024/07/13 02:45:38 [notice] 32#32: exiting
2024/07/13 02:45:38 [notice] 30#30: exiting
2024/07/13 02:45:38 [notice] 29#29: exiting
2024/07/13 02:45:38 [notice] 35#35: exiting
2024/07/13 02:45:38 [notice] 30#30: exit
2024/07/13 02:45:38 [notice] 32#32: exit
2024/07/13 02:45:38 [notice] 29#29: exit
2024/07/13 02:45:38 [notice] 35#35: exit
2024/07/13 02:45:38 [notice] 36#36: gracefully shutting down
2024/07/13 02:45:38 [notice] 36#36: exiting
2024/07/13 02:45:38 [notice] 36#36: exit
2024/07/13 02:45:38 [notice] 33#33: gracefully shutting down
2024/07/13 02:45:38 [notice] 38#38: gracefully shutting down
2024/07/13 02:45:38 [notice] 33#33: exiting
2024/07/13 02:45:38 [notice] 38#38: exiting
2024/07/13 02:45:38 [notice] 43#43: gracefully shutting down
2024/07/13 02:45:38 [notice] 33#33: exit
2024/07/13 02:45:38 [notice] 38#38: exit
2024/07/13 02:45:38 [notice] 43#43: exiting
2024/07/13 02:45:38 [notice] 34#34: gracefully shutting down
2024/07/13 02:45:38 [notice] 43#43: exit
2024/07/13 02:45:38 [notice] 34#34: exiting
2024/07/13 02:45:38 [notice] 34#34: exit
2024/07/13 02:45:39 [notice] 1#1: signal 17 (SIGCHLD) received from 38
2024/07/13 02:45:39 [notice] 1#1: worker process 24 exited with code 0
2024/07/13 02:45:39 [notice] 1#1: worker process 29 exited with code 0
2024/07/13 02:45:39 [notice] 1#1: worker process 32 exited with code 0
2024/07/13 02:45:39 [notice] 1#1: worker process 33 exited with code 0
2024/07/13 02:45:39 [notice] 1#1: worker process 37 exited with code 0
2024/07/13 02:45:39 [notice] 1#1: worker process 38 exited with code 0
2024/07/13 02:45:39 [notice] 1#1: worker process 39 exited with code 0
2024/07/13 02:45:39 [notice] 1#1: worker process 40 exited with code 0
2024/07/13 02:45:39 [notice] 1#1: worker process 41 exited with code 0
2024/07/13 02:45:39 [notice] 1#1: worker process 42 exited with code 0
2024/07/13 02:45:39 [notice] 1#1: signal 29 (SIGIO) received
2024/07/13 02:45:39 [notice] 1#1: signal 17 (SIGCHLD) received from 34
2024/07/13 02:45:39 [notice] 1#1: worker process 27 exited with code 0
2024/07/13 02:45:39 [notice] 1#1: worker process 34 exited with code 0
2024/07/13 02:45:39 [notice] 1#1: worker process 35 exited with code 0
2024/07/13 02:45:39 [notice] 1#1: signal 29 (SIGIO) received
2024/07/13 02:45:39 [notice] 1#1: signal 17 (SIGCHLD) received from 26
2024/07/13 02:45:39 [notice] 1#1: worker process 26 exited with code 0
2024/07/13 02:45:39 [notice] 1#1: signal 29 (SIGIO) received
2024/07/13 02:45:39 [notice] 1#1: signal 17 (SIGCHLD) received from 25
2024/07/13 02:45:39 [notice] 1#1: worker process 25 exited with code 0
2024/07/13 02:45:39 [notice] 1#1: worker process 31 exited with code 0
2024/07/13 02:45:39 [notice] 1#1: signal 29 (SIGIO) received
2024/07/13 02:45:39 [notice] 1#1: signal 17 (SIGCHLD) received from 31
2024/07/13 02:45:39 [notice] 1#1: signal 17 (SIGCHLD) received from 43
2024/07/13 02:45:39 [notice] 1#1: worker process 28 exited with code 0
2024/07/13 02:45:39 [notice] 1#1: worker process 30 exited with code 0
2024/07/13 02:45:39 [notice] 1#1: worker process 43 exited with code 0
2024/07/13 02:45:39 [notice] 1#1: signal 29 (SIGIO) received
2024/07/13 02:45:39 [notice] 1#1: signal 17 (SIGCHLD) received from 30
2024/07/13 02:45:39 [notice] 1#1: signal 17 (SIGCHLD) received from 36
2024/07/13 02:45:39 [notice] 1#1: worker process 36 exited with code 0
2024/07/13 02:45:39 [notice] 1#1: exit
2024/07/13 02:45:39 [notice] 1#1: using the "epoll" event method
2024/07/13 02:45:39 [notice] 1#1: nginx/1.21.6
2024/07/13 02:45:39 [notice] 1#1: built by gcc 10.2.1 20210110 (Debian 10.2.1-6) 
2024/07/13 02:45:39 [notice] 1#1: OS: Linux 5.15.133.1-microsoft-standard-WSL2
2024/07/13 02:45:39 [notice] 1#1: getrlimit(RLIMIT_NOFILE): 1048576:1048576
2024/07/13 02:45:39 [notice] 1#1: start worker processes
2024/07/13 02:45:39 [notice] 1#1: start worker process 24
2024/07/13 02:45:39 [notice] 1#1: start worker process 25
2024/07/13 02:45:39 [notice] 1#1: start worker process 26
2024/07/13 02:45:39 [notice] 1#1: start worker process 27
2024/07/13 02:45:39 [notice] 1#1: start worker process 28
2024/07/13 02:45:39 [notice] 1#1: start worker process 29
2024/07/13 02:45:39 [notice] 1#1: start worker process 30
2024/07/13 02:45:39 [notice] 1#1: start worker process 31
2024/07/13 02:45:39 [notice] 1#1: start worker process 32
2024/07/13 02:45:39 [notice] 1#1: start worker process 33
2024/07/13 02:45:39 [notice] 1#1: start worker process 34
2024/07/13 02:45:39 [notice] 1#1: start worker process 35
2024/07/13 02:45:39 [notice] 1#1: start worker process 36
2024/07/13 02:45:39 [notice] 1#1: start worker process 37
2024/07/13 02:45:39 [notice] 1#1: start worker process 38
2024/07/13 02:45:39 [notice] 1#1: start worker process 39
2024/07/13 02:45:39 [notice] 1#1: start worker process 40
2024/07/13 02:45:39 [notice] 1#1: start worker process 41
2024/07/13 02:45:39 [notice] 1#1: start worker process 42
2024/07/13 02:45:39 [notice] 1#1: start worker process 43
2024/07/13 03:35:40 [notice] 1#1: signal 3 (SIGQUIT) received, shutting down
2024/07/13 03:35:40 [notice] 24#24: gracefully shutting down
2024/07/13 03:35:40 [notice] 25#25: gracefully shutting down
2024/07/13 03:35:40 [notice] 26#26: gracefully shutting down
2024/07/13 03:35:40 [notice] 27#27: gracefully shutting down
2024/07/13 03:35:40 [notice] 28#28: gracefully shutting down
2024/07/13 03:35:40 [notice] 25#25: exiting
2024/07/13 03:35:40 [notice] 24#24: exiting
2024/07/13 03:35:40 [notice] 29#29: gracefully shutting down
2024/07/13 03:35:40 [notice] 28#28: exiting
2024/07/13 03:35:40 [notice] 26#26: exiting
2024/07/13 03:35:40 [notice] 27#27: exiting
2024/07/13 03:35:40 [notice] 29#29: exiting
2024/07/13 03:35:40 [notice] 28#28: exit
2024/07/13 03:35:40 [notice] 26#26: exit
2024/07/13 03:35:40 [notice] 25#25: exit
2024/07/13 03:35:40 [notice] 24#24: exit
2024/07/13 03:35:40 [notice] 27#27: exit
2024/07/13 03:35:40 [notice] 29#29: exit
2024/07/13 03:35:40 [notice] 41#41: gracefully shutting down
2024/07/13 03:35:40 [notice] 41#41: exiting
2024/07/13 03:35:40 [notice] 31#31: gracefully shutting down
2024/07/13 03:35:40 [notice] 41#41: exit
2024/07/13 03:35:40 [notice] 31#31: exiting
2024/07/13 03:35:40 [notice] 36#36: gracefully shutting down
2024/07/13 03:35:40 [notice] 31#31: exit
2024/07/13 03:35:40 [notice] 36#36: exiting
2024/07/13 03:35:40 [notice] 36#36: exit
2024/07/13 03:35:40 [notice] 38#38: gracefully shutting down
2024/07/13 03:35:40 [notice] 38#38: exiting
2024/07/13 03:35:40 [notice] 42#42: gracefully shutting down
2024/07/13 03:35:40 [notice] 33#33: gracefully shutting down
2024/07/13 03:35:40 [notice] 38#38: exit
2024/07/13 03:35:40 [notice] 35#35: gracefully shutting down
2024/07/13 03:35:40 [notice] 42#42: exiting
2024/07/13 03:35:40 [notice] 33#33: exiting
2024/07/13 03:35:40 [notice] 35#35: exiting
2024/07/13 03:35:40 [notice] 39#39: gracefully shutting down
2024/07/13 03:35:40 [notice] 42#42: exit
2024/07/13 03:35:40 [notice] 30#30: gracefully shutting down
2024/07/13 03:35:40 [notice] 33#33: exit
2024/07/13 03:35:40 [notice] 32#32: gracefully shutting down
2024/07/13 03:35:40 [notice] 39#39: exiting
2024/07/13 03:35:40 [notice] 30#30: exiting
2024/07/13 03:35:40 [notice] 35#35: exit
2024/07/13 03:35:40 [notice] 32#32: exiting
2024/07/13 03:35:40 [notice] 37#37: gracefully shutting down
2024/07/13 03:35:40 [notice] 39#39: exit
2024/07/13 03:35:40 [notice] 30#30: exit
2024/07/13 03:35:40 [notice] 37#37: exiting
2024/07/13 03:35:40 [notice] 32#32: exit
2024/07/13 03:35:40 [notice] 37#37: exit
2024/07/13 03:35:40 [notice] 43#43: gracefully shutting down
2024/07/13 03:35:40 [notice] 43#43: exiting
2024/07/13 03:35:40 [notice] 43#43: exit
2024/07/13 03:35:40 [notice] 40#40: gracefully shutting down
2024/07/13 03:35:40 [notice] 34#34: gracefully shutting down
2024/07/13 03:35:40 [notice] 40#40: exiting
2024/07/13 03:35:40 [notice] 34#34: exiting
2024/07/13 03:35:40 [notice] 40#40: exit
2024/07/13 03:35:40 [notice] 34#34: exit
2024/07/13 03:35:40 [notice] 1#1: signal 17 (SIGCHLD) received from 24
2024/07/13 03:35:40 [notice] 1#1: worker process 24 exited with code 0
2024/07/13 03:35:40 [notice] 1#1: worker process 29 exited with code 0
2024/07/13 03:35:40 [notice] 1#1: worker process 30 exited with code 0
2024/07/13 03:35:40 [notice] 1#1: worker process 34 exited with code 0
2024/07/13 03:35:40 [notice] 1#1: worker process 37 exited with code 0
2024/07/13 03:35:40 [notice] 1#1: worker process 39 exited with code 0
2024/07/13 03:35:40 [notice] 1#1: signal 29 (SIGIO) received
2024/07/13 03:35:40 [notice] 1#1: signal 17 (SIGCHLD) received from 25
2024/07/13 03:35:40 [notice] 1#1: worker process 25 exited with code 0
2024/07/13 03:35:40 [notice] 1#1: worker process 26 exited with code 0
2024/07/13 03:35:40 [notice] 1#1: signal 29 (SIGIO) received
2024/07/13 03:35:40 [notice] 1#1: signal 17 (SIGCHLD) received from 35
2024/07/13 03:35:40 [notice] 1#1: worker process 31 exited with code 0
2024/07/13 03:35:40 [notice] 1#1: worker process 32 exited with code 0
2024/07/13 03:35:40 [notice] 1#1: worker process 35 exited with code 0
2024/07/13 03:35:40 [notice] 1#1: worker process 36 exited with code 0
2024/07/13 03:35:40 [notice] 1#1: worker process 41 exited with code 0
2024/07/13 03:35:40 [notice] 1#1: worker process 42 exited with code 0
2024/07/13 03:35:40 [notice] 1#1: signal 29 (SIGIO) received
2024/07/13 03:35:40 [notice] 1#1: signal 17 (SIGCHLD) received from 42
2024/07/13 03:35:40 [notice] 1#1: signal 17 (SIGCHLD) received from 43
2024/07/13 03:35:40 [notice] 1#1: worker process 43 exited with code 0
2024/07/13 03:35:40 [notice] 1#1: signal 29 (SIGIO) received
2024/07/13 03:35:40 [notice] 1#1: signal 17 (SIGCHLD) received from 40
2024/07/13 03:35:40 [notice] 1#1: worker process 27 exited with code 0
2024/07/13 03:35:40 [notice] 1#1: worker process 28 exited with code 0
2024/07/13 03:35:40 [notice] 1#1: worker process 33 exited with code 0
2024/07/13 03:35:40 [notice] 1#1: worker process 38 exited with code 0
2024/07/13 03:35:40 [notice] 1#1: worker process 40 exited with code 0
2024/07/13 03:35:40 [notice] 1#1: exit
2024/07/13 03:35:41 [notice] 1#1: using the "epoll" event method
2024/07/13 03:35:41 [notice] 1#1: nginx/1.21.6
2024/07/13 03:35:41 [notice] 1#1: built by gcc 10.2.1 20210110 (Debian 10.2.1-6) 
2024/07/13 03:35:41 [notice] 1#1: OS: Linux 5.15.133.1-microsoft-standard-WSL2
2024/07/13 03:35:41 [notice] 1#1: getrlimit(RLIMIT_NOFILE): 1048576:1048576
2024/07/13 03:35:41 [notice] 1#1: start worker processes
2024/07/13 03:35:41 [notice] 1#1: start worker process 24
2024/07/13 03:35:41 [notice] 1#1: start worker process 25
2024/07/13 03:35:41 [notice] 1#1: start worker process 26
2024/07/13 03:35:41 [notice] 1#1: start worker process 27
2024/07/13 03:35:41 [notice] 1#1: start worker process 28
2024/07/13 03:35:41 [notice] 1#1: start worker process 29
2024/07/13 03:35:41 [notice] 1#1: start worker process 30
2024/07/13 03:35:41 [notice] 1#1: start worker process 31
2024/07/13 03:35:41 [notice] 1#1: start worker process 32
2024/07/13 03:35:41 [notice] 1#1: start worker process 33
2024/07/13 03:35:41 [notice] 1#1: start worker process 34
2024/07/13 03:35:41 [notice] 1#1: start worker process 35
2024/07/13 03:35:41 [notice] 1#1: start worker process 36
2024/07/13 03:35:41 [notice] 1#1: start worker process 37
2024/07/13 03:35:41 [notice] 1#1: start worker process 38
2024/07/13 03:35:41 [notice] 1#1: start worker process 39
2024/07/13 03:35:41 [notice] 1#1: start worker process 40
2024/07/13 03:35:41 [notice] 1#1: start worker process 41
2024/07/13 03:35:41 [notice] 1#1: start worker process 42
2024/07/13 03:35:41 [notice] 1#1: start worker process 43
2024/07/13 03:57:49 [notice] 1#1: signal 3 (SIGQUIT) received, shutting down
2024/07/13 03:57:49 [notice] 24#24: gracefully shutting down
2024/07/13 03:57:49 [notice] 25#25: gracefully shutting down
2024/07/13 03:57:49 [notice] 27#27: gracefully shutting down
2024/07/13 03:57:49 [notice] 28#28: gracefully shutting down
2024/07/13 03:57:49 [notice] 24#24: exiting
2024/07/13 03:57:49 [notice] 26#26: gracefully shutting down
2024/07/13 03:57:49 [notice] 25#25: exiting
2024/07/13 03:57:49 [notice] 29#29: gracefully shutting down
2024/07/13 03:57:49 [notice] 27#27: exiting
2024/07/13 03:57:49 [notice] 28#28: exiting
2024/07/13 03:57:49 [notice] 26#26: exiting
2024/07/13 03:57:49 [notice] 29#29: exiting
2024/07/13 03:57:49 [notice] 30#30: gracefully shutting down
2024/07/13 03:57:49 [notice] 28#28: exit
2024/07/13 03:57:49 [notice] 24#24: exit
2024/07/13 03:57:49 [notice] 25#25: exit
2024/07/13 03:57:49 [notice] 27#27: exit
2024/07/13 03:57:49 [notice] 33#33: gracefully shutting down
2024/07/13 03:57:49 [notice] 34#34: gracefully shutting down
2024/07/13 03:57:49 [notice] 29#29: exit
2024/07/13 03:57:49 [notice] 30#30: exiting
2024/07/13 03:57:49 [notice] 26#26: exit
2024/07/13 03:57:49 [notice] 33#33: exiting
2024/07/13 03:57:49 [notice] 34#34: exiting
2024/07/13 03:57:49 [notice] 30#30: exit
2024/07/13 03:57:49 [notice] 39#39: gracefully shutting down
2024/07/13 03:57:49 [notice] 34#34: exit
2024/07/13 03:57:49 [notice] 33#33: exit
2024/07/13 03:57:49 [notice] 43#43: gracefully shutting down
2024/07/13 03:57:49 [notice] 39#39: exiting
2024/07/13 03:57:49 [notice] 43#43: exiting
2024/07/13 03:57:49 [notice] 39#39: exit
2024/07/13 03:57:49 [notice] 43#43: exit
2024/07/13 03:57:49 [notice] 36#36: gracefully shutting down
2024/07/13 03:57:49 [notice] 40#40: gracefully shutting down
2024/07/13 03:57:49 [notice] 36#36: exiting
2024/07/13 03:57:49 [notice] 40#40: exiting
2024/07/13 03:57:49 [notice] 42#42: gracefully shutting down
2024/07/13 03:57:49 [notice] 32#32: gracefully shutting down
2024/07/13 03:57:49 [notice] 31#31: gracefully shutting down
2024/07/13 03:57:49 [notice] 37#37: gracefully shutting down
2024/07/13 03:57:49 [notice] 40#40: exit
2024/07/13 03:57:49 [notice] 36#36: exit
2024/07/13 03:57:49 [notice] 38#38: gracefully shutting down
2024/07/13 03:57:49 [notice] 32#32: exiting
2024/07/13 03:57:49 [notice] 31#31: exiting
2024/07/13 03:57:49 [notice] 42#42: exiting
2024/07/13 03:57:49 [notice] 37#37: exiting
2024/07/13 03:57:49 [notice] 41#41: gracefully shutting down
2024/07/13 03:57:49 [notice] 38#38: exiting
2024/07/13 03:57:49 [notice] 32#32: exit
2024/07/13 03:57:49 [notice] 42#42: exit
2024/07/13 03:57:49 [notice] 37#37: exit
2024/07/13 03:57:49 [notice] 31#31: exit
2024/07/13 03:57:49 [notice] 41#41: exiting
2024/07/13 03:57:49 [notice] 38#38: exit
2024/07/13 03:57:49 [notice] 41#41: exit
2024/07/13 03:57:49 [notice] 35#35: gracefully shutting down
2024/07/13 03:57:49 [notice] 35#35: exiting
2024/07/13 03:57:49 [notice] 35#35: exit
2024/07/13 03:57:49 [notice] 1#1: signal 17 (SIGCHLD) received from 36
2024/07/13 03:57:49 [notice] 1#1: worker process 36 exited with code 0
2024/07/13 03:57:49 [notice] 1#1: signal 29 (SIGIO) received
2024/07/13 03:57:49 [notice] 1#1: signal 17 (SIGCHLD) received from 25
2024/07/13 03:57:49 [notice] 1#1: worker process 25 exited with code 0
2024/07/13 03:57:49 [notice] 1#1: worker process 27 exited with code 0
2024/07/13 03:57:49 [notice] 1#1: worker process 32 exited with code 0
2024/07/13 03:57:49 [notice] 1#1: worker process 33 exited with code 0
2024/07/13 03:57:49 [notice] 1#1: worker process 34 exited with code 0
2024/07/13 03:57:49 [notice] 1#1: worker process 40 exited with code 0
2024/07/13 03:57:49 [notice] 1#1: worker process 30 exited with code 0
2024/07/13 03:57:49 [notice] 1#1: worker process 41 exited with code 0
2024/07/13 03:57:49 [notice] 1#1: worker process 31 exited with code 0
2024/07/13 03:57:49 [notice] 1#1: signal 29 (SIGIO) received
2024/07/13 03:57:49 [notice] 1#1: signal 17 (SIGCHLD) received from 41
2024/07/13 03:57:49 [notice] 1#1: worker process 39 exited with code 0
2024/07/13 03:57:49 [notice] 1#1: worker process 42 exited with code 0
2024/07/13 03:57:49 [notice] 1#1: signal 29 (SIGIO) received
2024/07/13 03:57:49 [notice] 1#1: signal 17 (SIGCHLD) received from 39
2024/07/13 03:57:49 [notice] 1#1: worker process 24 exited with code 0
2024/07/13 03:57:49 [notice] 1#1: signal 29 (SIGIO) received
2024/07/13 03:57:49 [notice] 1#1: signal 17 (SIGCHLD) received from 24
2024/07/13 03:57:49 [notice] 1#1: signal 17 (SIGCHLD) received from 35
2024/07/13 03:57:49 [notice] 1#1: worker process 35 exited with code 0
2024/07/13 03:57:49 [notice] 1#1: worker process 43 exited with code 0
2024/07/13 03:57:49 [notice] 1#1: signal 29 (SIGIO) received
2024/07/13 03:57:49 [notice] 1#1: signal 17 (SIGCHLD) received from 43
2024/07/13 03:57:49 [notice] 1#1: signal 17 (SIGCHLD) received from 37
2024/07/13 03:57:49 [notice] 1#1: worker process 37 exited with code 0
2024/07/13 03:57:49 [notice] 1#1: signal 29 (SIGIO) received
2024/07/13 03:57:49 [notice] 1#1: signal 17 (SIGCHLD) received from 29
2024/07/13 03:57:49 [notice] 1#1: worker process 29 exited with code 0
2024/07/13 03:57:49 [notice] 1#1: signal 29 (SIGIO) received
2024/07/13 03:57:49 [notice] 1#1: signal 17 (SIGCHLD) received from 26
2024/07/13 03:57:49 [notice] 1#1: worker process 26 exited with code 0
2024/07/13 03:57:49 [notice] 1#1: worker process 28 exited with code 0
2024/07/13 03:57:49 [notice] 1#1: worker process 38 exited with code 0
2024/07/13 03:57:49 [notice] 1#1: exit
2024/07/13 03:57:49 [notice] 1#1: using the "epoll" event method
2024/07/13 03:57:49 [notice] 1#1: nginx/1.21.6
2024/07/13 03:57:49 [notice] 1#1: built by gcc 10.2.1 20210110 (Debian 10.2.1-6) 
2024/07/13 03:57:49 [notice] 1#1: OS: Linux 5.15.133.1-microsoft-standard-WSL2
2024/07/13 03:57:49 [notice] 1#1: getrlimit(RLIMIT_NOFILE): 1048576:1048576
2024/07/13 03:57:49 [notice] 1#1: start worker processes
2024/07/13 03:57:49 [notice] 1#1: start worker process 24
2024/07/13 03:57:49 [notice] 1#1: start worker process 25
2024/07/13 03:57:49 [notice] 1#1: start worker process 26
2024/07/13 03:57:49 [notice] 1#1: start worker process 27
2024/07/13 03:57:49 [notice] 1#1: start worker process 28
2024/07/13 03:57:49 [notice] 1#1: start worker process 29
2024/07/13 03:57:49 [notice] 1#1: start worker process 30
2024/07/13 03:57:49 [notice] 1#1: start worker process 31
2024/07/13 03:57:49 [notice] 1#1: start worker process 32
2024/07/13 03:57:49 [notice] 1#1: start worker process 33
2024/07/13 03:57:49 [notice] 1#1: start worker process 34
2024/07/13 03:57:49 [notice] 1#1: start worker process 35
2024/07/13 03:57:49 [notice] 1#1: start worker process 36
2024/07/13 03:57:49 [notice] 1#1: start worker process 37
2024/07/13 03:57:49 [notice] 1#1: start worker process 38
2024/07/13 03:57:49 [notice] 1#1: start worker process 39
2024/07/13 03:57:49 [notice] 1#1: start worker process 40
2024/07/13 03:57:49 [notice] 1#1: start worker process 41
2024/07/13 03:57:49 [notice] 1#1: start worker process 42
2024/07/13 03:57:49 [notice] 1#1: start worker process 43
2024/07/13 03:58:13 [error] 26#26: *3 open() "/var/www/html/favicon.ico" failed (2: No such file or directory), client: 172.18.0.1, server: localhost, request: "GET /favicon.ico HTTP/1.1", host: "localhost:8443", referrer: "https://localhost:8443/test_phpinfo.php"
2024/07/13 04:17:15 [error] 28#28: *8 open() "/var/www/html/favicon.ico" failed (2: No such file or directory), client: 172.18.0.1, server: localhost, request: "GET /favicon.ico HTTP/1.1", host: "localhost:8443", referrer: "https://localhost:8443/test_phpinfo.php"
